<?xml version="1.0" encoding="UTF-8"?>
<!-- Generated by org.testng.reporters.JUnitXMLReporter -->
<testsuite ignored="0" hostname="DESKTOP-KM6663R" failures="1" tests="4" name="Test Runner 2 " time="0.105" errors="0" timestamp="2024-11-08T13:12:23 IST">
  <testcase classname="distributedparallel.Test4" name="demo1" time="0.015"/>
  <testcase classname="distributedparallel.Test4" name="demo2" time="0.005"/>
  <testcase classname="distributedparallel.Test3" name="demo1" time="0.003"/>
  <testcase classname="distributedparallel.Test3" name="demo2" time="0.012">
    <failure type="java.lang.AssertionError" message="null">
      <![CDATA[java.lang.AssertionError: null
at distributedparallel.Test3.demo2(Test3.java:16)
at java.base/java.util.ArrayList.forEach(ArrayList.java:1596)
at java.base/java.util.concurrent.FutureTask.run(FutureTask.java:317)
at java.base/java.util.concurrent.ThreadPoolExecutor.runWorker(ThreadPoolExecutor.java:1144)
at java.base/java.util.concurrent.ThreadPoolExecutor$Worker.run(ThreadPoolExecutor.java:642)
at java.base/java.lang.Thread.run(Thread.java:1583)
... Removed 18 stack frames]]>
    </failure>
  </testcase> <!-- demo2 -->
</testsuite> <!-- Test Runner 2  -->
