<?xml version="1.0" encoding="UTF-8"?>
<!-- Generated by org.testng.reporters.JUnitXMLReporter -->
<testsuite ignored="0" hostname="DESKTOP-KM6663R" failures="0" tests="4" name="Test Runner 3 " time="0.104" errors="0" timestamp="2024-11-08T13:12:23 IST">
  <testcase classname="distributedparallel.Test5" name="demo1" time="0.015"/>
  <testcase classname="distributedparallel.Test5" name="demo2" time="0.013"/>
  <testcase classname="distributedparallel.Test6" name="demo1" time="0.003"/>
  <testcase classname="distributedparallel.Test6" name="demo2" time="0.001"/>
</testsuite> <!-- Test Runner 3  -->
