<?xml version="1.0" encoding="UTF-8"?>
<!-- Generated by org.testng.reporters.JUnitXMLReporter -->
<testsuite ignored="1" hostname="DESKTOP-KM6663R" failures="0" tests="1" name="Test Runner 2 (failed)" time="0.077" errors="0" timestamp="2024-11-08T13:16:22 IST">
  <testcase classname="distributedparallel.Test3" name="demo2" time="0.016"/>
  <testcase classname="distributedparallel.Test3" name="demo1" time="0.0">
    <ignored/>
  </testcase> <!-- demo1 -->
</testsuite> <!-- Test Runner 2 (failed) -->
