<?xml version="1.0" encoding="UTF-8"?>
<testng-results ignored="0" total="2" passed="0" failed="1" skipped="1">
  <reporter-output>
    <line>
      <![CDATA[@BeforeSuite]]>
    </line>
    <line>
      <![CDATA[@BeforeTest]]>
    </line>
    <line>
      <![CDATA[@BeforeClass]]>
    </line>
    <line>
      <![CDATA[@BeforeMethod]]>
    </line>
    <line>
      <![CDATA[@test1]]>
    </line>
    <line>
      <![CDATA[@AfterMethod]]>
    </line>
    <line>
      <![CDATA[@AfterClass]]>
    </line>
    <line>
      <![CDATA[@AfterTest]]>
    </line>
    <line>
      <![CDATA[@AfterSuite]]>
    </line>
  </reporter-output>
  <suite started-at="2024-11-10T12:43:38 IST" name="Default suite" finished-at="2024-11-10T12:43:38 IST" duration-ms="67">
    <groups>
    </groups>
    <test started-at="2024-11-10T12:43:38 IST" name="Default test" finished-at="2024-11-10T12:43:38 IST" duration-ms="67">
      <class name="listenerPractice.TestClass">
        <test-method is-config="true" signature="suiteconfig()[pri:0, instance:listenerPractice.TestClass@59309333]" started-at="2024-11-10T12:43:38 IST" name="suiteconfig" finished-at="2024-11-10T12:43:38 IST" duration-ms="11" status="PASS">
          <reporter-output>
            <line>
              <![CDATA[@BeforeSuite]]>
            </line>
          </reporter-output>
        </test-method> <!-- suiteconfig -->
        <test-method is-config="true" signature="Testconfig()[pri:0, instance:listenerPractice.TestClass@59309333]" started-at="2024-11-10T12:43:38 IST" name="Testconfig" finished-at="2024-11-10T12:43:38 IST" duration-ms="1" status="PASS">
          <reporter-output>
            <line>
              <![CDATA[@BeforeTest]]>
            </line>
          </reporter-output>
        </test-method> <!-- Testconfig -->
        <test-method is-config="true" signature="Classconfig()[pri:0, instance:listenerPractice.TestClass@59309333]" started-at="2024-11-10T12:43:38 IST" name="Classconfig" finished-at="2024-11-10T12:43:38 IST" duration-ms="0" status="PASS">
          <reporter-output>
            <line>
              <![CDATA[@BeforeClass]]>
            </line>
          </reporter-output>
        </test-method> <!-- Classconfig -->
        <test-method is-config="true" signature="Methodconfig()[pri:0, instance:listenerPractice.TestClass@59309333]" started-at="2024-11-10T12:43:38 IST" name="Methodconfig" finished-at="2024-11-10T12:43:38 IST" duration-ms="1" status="PASS">
          <reporter-output>
            <line>
              <![CDATA[@BeforeMethod]]>
            </line>
          </reporter-output>
        </test-method> <!-- Methodconfig -->
        <test-method signature="testMethod1()[pri:0, instance:listenerPractice.TestClass@59309333]" started-at="2024-11-10T12:43:38 IST" name="testMethod1" finished-at="2024-11-10T12:43:38 IST" duration-ms="12" status="FAIL">
          <exception class="java.lang.AssertionError">
            <message>
              <![CDATA[null]]>
            </message>
            <full-stacktrace>
              <![CDATA[java.lang.AssertionError: null
at org.testng.Assert.fail(Assert.java:99)
at org.testng.Assert.fail(Assert.java:106)
at listenerPractice.TestClass.testMethod1(TestClass.java:13)
at java.base/jdk.internal.reflect.DirectMethodHandleAccessor.invoke(DirectMethodHandleAccessor.java:103)
at java.base/java.lang.reflect.Method.invoke(Method.java:580)
at org.testng.internal.MethodInvocationHelper.invokeMethod(MethodInvocationHelper.java:133)
at org.testng.internal.TestInvoker.invokeMethod(TestInvoker.java:598)
at org.testng.internal.TestInvoker.invokeTestMethod(TestInvoker.java:173)
at org.testng.internal.MethodRunner.runInSequence(MethodRunner.java:46)
at org.testng.internal.TestInvoker$MethodInvocationAgent.invoke(TestInvoker.java:824)
at org.testng.internal.TestInvoker.invokeTestMethods(TestInvoker.java:146)
at org.testng.internal.TestMethodWorker.invokeTestMethods(TestMethodWorker.java:146)
at org.testng.internal.TestMethodWorker.run(TestMethodWorker.java:128)
at java.base/java.util.ArrayList.forEach(ArrayList.java:1596)
at org.testng.TestRunner.privateRun(TestRunner.java:794)
at org.testng.TestRunner.run(TestRunner.java:596)
at org.testng.SuiteRunner.runTest(SuiteRunner.java:377)
at org.testng.SuiteRunner.runSequentially(SuiteRunner.java:371)
at org.testng.SuiteRunner.privateRun(SuiteRunner.java:332)
at org.testng.SuiteRunner.run(SuiteRunner.java:276)
at org.testng.SuiteRunnerWorker.runSuite(SuiteRunnerWorker.java:53)
at org.testng.SuiteRunnerWorker.run(SuiteRunnerWorker.java:96)
at org.testng.TestNG.runSuitesSequentially(TestNG.java:1212)
at org.testng.TestNG.runSuitesLocally(TestNG.java:1134)
at org.testng.TestNG.runSuites(TestNG.java:1063)
at org.testng.TestNG.run(TestNG.java:1031)
at org.testng.remote.AbstractRemoteTestNG.run(AbstractRemoteTestNG.java:115)
at org.testng.remote.RemoteTestNG.initAndRun(RemoteTestNG.java:293)
at org.testng.remote.RemoteTestNG.main(RemoteTestNG.java:91)
]]>
            </full-stacktrace>
          </exception> <!-- java.lang.AssertionError -->
          <reporter-output>
            <line>
              <![CDATA[@test1]]>
            </line>
          </reporter-output>
        </test-method> <!-- testMethod1 -->
        <test-method is-config="true" signature="MethodTearDown()[pri:0, instance:listenerPractice.TestClass@59309333]" started-at="2024-11-10T12:43:38 IST" name="MethodTearDown" finished-at="2024-11-10T12:43:38 IST" duration-ms="1" status="PASS">
          <reporter-output>
            <line>
              <![CDATA[@AfterMethod]]>
            </line>
          </reporter-output>
        </test-method> <!-- MethodTearDown -->
        <test-method signature="testMethod2()[pri:0, instance:listenerPractice.TestClass@59309333]" started-at="2024-11-10T12:43:38 IST" name="testMethod2" finished-at="2024-11-10T12:43:38 IST" depends-on-methods="listenerPractice.TestClass.testMethod1" duration-ms="0" status="SKIP">
          <exception class="java.lang.Throwable">
            <message>
              <![CDATA[Method TestClass.testMethod2()[pri:0, instance:listenerPractice.TestClass@59309333] depends on not successfully finished methods]]>
            </message>
            <full-stacktrace>
              <![CDATA[java.lang.Throwable: Method TestClass.testMethod2()[pri:0, instance:listenerPractice.TestClass@59309333] depends on not successfully finished methods
at org.testng.internal.TestInvoker.invokeTestMethods(TestInvoker.java:102)
at org.testng.internal.TestMethodWorker.invokeTestMethods(TestMethodWorker.java:146)
at org.testng.internal.TestMethodWorker.run(TestMethodWorker.java:128)
at java.base/java.util.ArrayList.forEach(ArrayList.java:1596)
at org.testng.TestRunner.privateRun(TestRunner.java:794)
at org.testng.TestRunner.run(TestRunner.java:596)
at org.testng.SuiteRunner.runTest(SuiteRunner.java:377)
at org.testng.SuiteRunner.runSequentially(SuiteRunner.java:371)
at org.testng.SuiteRunner.privateRun(SuiteRunner.java:332)
at org.testng.SuiteRunner.run(SuiteRunner.java:276)
at org.testng.SuiteRunnerWorker.runSuite(SuiteRunnerWorker.java:53)
at org.testng.SuiteRunnerWorker.run(SuiteRunnerWorker.java:96)
at org.testng.TestNG.runSuitesSequentially(TestNG.java:1212)
at org.testng.TestNG.runSuitesLocally(TestNG.java:1134)
at org.testng.TestNG.runSuites(TestNG.java:1063)
at org.testng.TestNG.run(TestNG.java:1031)
at org.testng.remote.AbstractRemoteTestNG.run(AbstractRemoteTestNG.java:115)
at org.testng.remote.RemoteTestNG.initAndRun(RemoteTestNG.java:293)
at org.testng.remote.RemoteTestNG.main(RemoteTestNG.java:91)
]]>
            </full-stacktrace>
          </exception> <!-- java.lang.Throwable -->
          <reporter-output>
          </reporter-output>
        </test-method> <!-- testMethod2 -->
        <test-method is-config="true" signature="ClassTearDown()[pri:0, instance:listenerPractice.TestClass@59309333]" started-at="2024-11-10T12:43:38 IST" name="ClassTearDown" finished-at="2024-11-10T12:43:38 IST" duration-ms="1" status="PASS">
          <reporter-output>
            <line>
              <![CDATA[@AfterClass]]>
            </line>
          </reporter-output>
        </test-method> <!-- ClassTearDown -->
        <test-method is-config="true" signature="TestTearDown()[pri:0, instance:listenerPractice.TestClass@59309333]" started-at="2024-11-10T12:43:38 IST" name="TestTearDown" finished-at="2024-11-10T12:43:38 IST" duration-ms="0" status="PASS">
          <reporter-output>
            <line>
              <![CDATA[@AfterTest]]>
            </line>
          </reporter-output>
        </test-method> <!-- TestTearDown -->
        <test-method is-config="true" signature="SuiteTearDown()[pri:0, instance:listenerPractice.TestClass@59309333]" started-at="2024-11-10T12:43:38 IST" name="SuiteTearDown" finished-at="2024-11-10T12:43:38 IST" duration-ms="1" status="PASS">
          <reporter-output>
            <line>
              <![CDATA[@AfterSuite]]>
            </line>
          </reporter-output>
        </test-method> <!-- SuiteTearDown -->
      </class> <!-- listenerPractice.TestClass -->
    </test> <!-- Default test -->
  </suite> <!-- Default suite -->
</testng-results>
